{
  "numTotalTestSuites": 6,
  "numPassedTestSuites": 6,
  "numFailedTestSuites": 0,
  "numPendingTestSuites": 0,
  "numTotalTests": 17,
  "numPassedTests": 17,
  "numFailedTests": 0,
  "numPendingTests": 0,
  "numTodoTests": 0,
  "snapshot": {
    "added": 0,
    "failure": false,
    "filesAdded": 0,
    "filesRemoved": 0,
    "filesRemovedList": [],
    "filesUnmatched": 0,
    "filesUpdated": 0,
    "matched": 0,
    "total": 0,
    "unchecked": 0,
    "uncheckedKeysByFile": [],
    "unmatched": 0,
    "updated": 0,
    "didUpdate": false
  },
  "startTime": 1775917524174,
  "success": true,
  "testResults": [
    {
      "assertionResults": [
        {
          "ancestorTitles": ["agent router"],
          "fullName": "agent router listBuiltinTemplates only returns GLOBAL builtin templates",
          "status": "passed",
          "title": "listBuiltinTemplates only returns GLOBAL builtin templates",
          "duration": 2.238211999999976,
          "failureMessages": [],
          "meta": {},
          "tags": []
        },
        {
          "ancestorTitles": ["agent router"],
          "fullName": "agent router enableBuiltin creates once and is idempotent on repeat",
          "status": "passed",
          "title": "enableBuiltin creates once and is idempotent on repeat",
          "duration": 1.9937130000000707,
          "failureMessages": [],
          "meta": {},
          "tags": []
        },
        {
          "ancestorTitles": ["agent router"],
          "fullName": "agent router enableBuiltin can attach an explicit fallback provider",
          "status": "passed",
          "title": "enableBuiltin can attach an explicit fallback provider",
          "duration": 0.5009500000001026,
          "failureMessages": [],
          "meta": {},
          "tags": []
        },
        {
          "ancestorTitles": ["agent router"],
          "fullName": "agent router disableBuiltin deletes only non-GLOBAL builtin instances",
          "status": "passed",
          "title": "disableBuiltin deletes only non-GLOBAL builtin instances",
          "duration": 1.2674920000001748,
          "failureMessages": [],
          "meta": {},
          "tags": []
        },
        {
          "ancestorTitles": ["agent router"],
          "fullName": "agent router sendMessage prefers providerId from session metadata",
          "status": "passed",
          "title": "sendMessage prefers providerId from session metadata",
          "duration": 2.275043000000096,
          "failureMessages": [],
          "meta": {},
          "tags": []
        },
        {
          "ancestorTitles": ["agent router"],
          "fullName": "agent router get nulls a dangling fallback provider while preserving other llm config",
          "status": "passed",
          "title": "get nulls a dangling fallback provider while preserving other llm config",
          "duration": 0.5066909999998188,
          "failureMessages": [],
          "meta": {},
          "tags": []
        },
        {
          "ancestorTitles": ["agent router"],
          "fullName": "agent router createAgentToolRegistry registers builtin and plugin tools",
          "status": "passed",
          "title": "createAgentToolRegistry registers builtin and plugin tools",
          "duration": 0.2517199999999775,
          "failureMessages": [],
          "meta": {},
          "tags": []
        }
      ],
      "startTime": 1775917525976,
      "endTime": 1775917525985.5066,
      "status": "passed",
      "message": "",
      "name": "/workspaces/cat/apps/app-api/src/__tests__/agent-router.spec.ts"
    },
    {
      "assertionResults": [
        {
          "ancestorTitles": ["createTestContext"],
          "fullName": "createTestContext 默认返回未认证上下文",
          "status": "passed",
          "title": "默认返回未认证上下文",
          "duration": 0.8575909999999567,
          "failureMessages": [],
          "meta": {},
          "tags": []
        },
        {
          "ancestorTitles": ["createTestContext"],
          "fullName": "createTestContext helpers 存在且为可调用方法",
          "status": "passed",
          "title": "helpers 存在且为可调用方法",
          "duration": 0.16368000000011307,
          "failureMessages": [],
          "meta": {},
          "tags": []
        },
        {
          "ancestorTitles": ["createTestContext"],
          "fullName": "createTestContext cacheStore / sessionStore 方法可无副作用调用",
          "status": "passed",
          "title": "cacheStore / sessionStore 方法可无副作用调用",
          "duration": 0.4828300000001491,
          "failureMessages": [],
          "meta": {},
          "tags": []
        },
        {
          "ancestorTitles": ["createTestContext"],
          "fullName": "createTestContext overrides 可覆盖任意字段",
          "status": "passed",
          "title": "overrides 可覆盖任意字段",
          "duration": 0.10324999999988904,
          "failureMessages": [],
          "meta": {},
          "tags": []
        },
        {
          "ancestorTitles": ["createAuthedTestContext"],
          "fullName": "createAuthedTestContext 返回有效的已认证用户和 sessionId",
          "status": "passed",
          "title": "返回有效的已认证用户和 sessionId",
          "duration": 0.15847000000007938,
          "failureMessages": [],
          "meta": {},
          "tags": []
        },
        {
          "ancestorTitles": ["createAuthedTestContext"],
          "fullName": "createAuthedTestContext 可覆盖 user 的部分字段",
          "status": "passed",
          "title": "可覆盖 user 的部分字段",
          "duration": 0.09435000000007676,
          "failureMessages": [],
          "meta": {},
          "tags": []
        },
        {
          "ancestorTitles": ["@cat/domain mock"],
          "fullName": "@cat/domain mock executeCommand は vi.fn() に置き換えられる",
          "status": "passed",
          "title": "executeCommand は vi.fn() に置き換えられる",
          "duration": 4.350226000000021,
          "failureMessages": [],
          "meta": {},
          "tags": []
        },
        {
          "ancestorTitles": ["@cat/domain mock"],
          "fullName": "@cat/domain mock executeQuery は vi.fn() に置き換えられる",
          "status": "passed",
          "title": "executeQuery は vi.fn() に置き換えられる",
          "duration": 3.3612040000000434,
          "failureMessages": [],
          "meta": {},
          "tags": []
        },
        {
          "ancestorTitles": ["@cat/domain mock"],
          "fullName": "@cat/domain mock beforeEach で呼び出し履歴がリセットされる",
          "status": "passed",
          "title": "beforeEach で呼び出し履歴がリセットされる",
          "duration": 3.413244000000077,
          "failureMessages": [],
          "meta": {},
          "tags": []
        },
        {
          "ancestorTitles": ["@cat/domain mock"],
          "fullName": "@cat/domain mock mockResolvedValueOnce / mockResolvedValue パターンの確認",
          "status": "passed",
          "title": "mockResolvedValueOnce / mockResolvedValue パターンの確認",
          "duration": 3.771265000000085,
          "failureMessages": [],
          "meta": {},
          "tags": []
        }
      ],
      "startTime": 1775917525561,
      "endTime": 1775917525577.7712,
      "status": "passed",
      "message": "",
      "name": "/workspaces/cat/apps/app-api/src/__tests__/unit/auth.spec.ts"
    }
  ]
}
